<?xml version="1.0" encoding="UTF-8"?>
<testng-results skipped="0" failed="0" ignored="0" total="1" passed="1">
  <reporter-output>
  </reporter-output>
  <suite name="Default suite" duration-ms="11859" started-at="2020-06-18T12:20:48Z" finished-at="2020-06-18T12:20:59Z">
    <groups>
    </groups>
    <test name="Default test" duration-ms="11859" started-at="2020-06-18T12:20:48Z" finished-at="2020-06-18T12:20:59Z">
      <class name="com.ecommerce.test.WishListShareTest">
        <test-method status="PASS" signature="driverinitiallation()[pri:0, instance:com.ecommerce.test.WishListShareTest@42e26948]" name="driverinitiallation" is-config="true" duration-ms="7002" started-at="2020-06-18T12:20:48Z" finished-at="2020-06-18T12:20:55Z">
          <reporter-output>
          </reporter-output>
        </test-method> <!-- driverinitiallation -->
        <test-method status="PASS" signature="productcomparion()[pri:0, instance:com.ecommerce.test.WishListShareTest@42e26948]" name="productcomparion" duration-ms="572" started-at="2020-06-18T12:20:55Z" finished-at="2020-06-18T12:20:55Z">
          <reporter-output>
          </reporter-output>
        </test-method> <!-- productcomparion -->
        <test-method status="PASS" signature="closing()[pri:0, instance:com.ecommerce.test.WishListShareTest@42e26948]" name="closing" is-config="true" duration-ms="4254" started-at="2020-06-18T12:20:55Z" finished-at="2020-06-18T12:20:59Z">
          <reporter-output>
          </reporter-output>
        </test-method> <!-- closing -->
      </class> <!-- com.ecommerce.test.WishListShareTest -->
    </test> <!-- Default test -->
  </suite> <!-- Default suite -->
</testng-results>
